<?xml version="1.0" encoding="UTF-8"?>
<!-- Generated by org.testng.reporters.JUnitReportReporter -->
<testsuite hostname="DESKTOP-C0VBIHC" failures="0" tests="1" name="Deserialization_Pojo.OathTestResponse" time="7.856" errors="0" timestamp="2024-10-06T13:20:01 IST" skipped="0">
  <testcase classname="Deserialization_Pojo.OathTestResponse" name="Oath" time="7.856"/>
</testsuite> <!-- Deserialization_Pojo.OathTestResponse -->
