<?xml version="1.0" encoding="UTF-8"?>
<!-- Generated by org.testng.reporters.JUnitReportReporter -->
<testsuite hostname="DESKTOP-C0VBIHC" failures="0" tests="1" name="Library_API.p1_DynamicJson" time="6.073" errors="0" timestamp="2024-10-04T14:05:51 IST" skipped="0">
  <testcase classname="Library_API.p1_DynamicJson" name="addBook" time="6.073"/>
</testsuite> <!-- Library_API.p1_DynamicJson -->
