<?xml version="1.0" encoding="UTF-8"?>
<!-- Generated by org.testng.reporters.JUnitReportReporter -->
<testsuite hostname="DESKTOP-C0VBIHC" failures="0" tests="1" name="Basics.p6" time="2.943" errors="0" timestamp="2024-10-04T12:44:51 IST" skipped="0">
  <testcase classname="Basics.p6" name="sum" time="2.943"/>
</testsuite> <!-- Basics.p6 -->
