<?xml version="1.0" encoding="UTF-8"?>
<!-- Generated by org.testng.reporters.JUnitReportReporter -->
<testsuite hostname="DESKTOP-C0VBIHC" failures="0" tests="3" name="Library_API.p2_Dataprovider" time="5.245" errors="0" timestamp="2024-10-04T14:55:24 IST" skipped="0">
  <testcase classname="Library_API.p2_Dataprovider" name="addBook" time="0.352"/>
  <testcase classname="Library_API.p2_Dataprovider" name="addBook" time="4.498"/>
  <testcase classname="Library_API.p2_Dataprovider" name="addBook" time="0.395"/>
</testsuite> <!-- Library_API.p2_Dataprovider -->
