<?xml version="1.0" encoding="UTF-8"?>
<!-- Generated by org.testng.reporters.JUnitReportReporter -->
<testsuite hostname="DESKTOP-C0VBIHC" failures="0" tests="1" name="Advanced.OathTest" time="7.834" errors="0" timestamp="2024-10-06T09:17:36 IST" skipped="0">
  <testcase classname="Advanced.OathTest" name="Oath" time="7.834"/>
</testsuite> <!-- Advanced.OathTest -->
